<?xml version="1.0" encoding="UTF-8"?>
<!-- Generated by org.testng.reporters.JUnitXMLReporter -->
<testsuite ignored="3" hostname="Chikkus_hp" failures="1" tests="1" name="ChromeTest" time="6.583" errors="0" timestamp="2023-06-12T22:47:26 GMT-04:00">
  <testcase classname="com.obsqura.testscripts.LoginTest" name="verifyTheUserCanAbletoLoginwithValidusernameandValidPasswordWhileClickonSignInButton" time="0.18">
    <failure type="java.lang.NullPointerException">
      <![CDATA[java.lang.NullPointerException
at com.obsqura.utilities.ExcelUtility.getString(ExcelUtility.java:100)
at com.obsqura.testscripts.LoginTest.verifyTheUserCanAbletoLoginwithValidusernameandValidPasswordWhileClickonSignInButton(LoginTest.java:16)
at java.base/java.util.ArrayList.forEach(ArrayList.java:1541)
at java.base/java.util.concurrent.FutureTask.run(FutureTask.java:264)
at java.base/java.util.concurrent.ThreadPoolExecutor.runWorker(ThreadPoolExecutor.java:1128)
at java.base/java.util.concurrent.ThreadPoolExecutor$Worker.run(ThreadPoolExecutor.java:628)
at java.base/java.lang.Thread.run(Thread.java:834)
... Removed 18 stack frames]]>
    </failure>
  </testcase> <!-- verifyTheUserCanAbletoLoginwithValidusernameandValidPasswordWhileClickonSignInButton -->
  <testcase classname="com.obsqura.testscripts.LoginTest" name="verifyTheUserCannotLoginwithInvalidusernameandValidPasswordWhileClickonSignInButton" time="0.0">
    <ignored/>
  </testcase> <!-- verifyTheUserCannotLoginwithInvalidusernameandValidPasswordWhileClickonSignInButton -->
  <testcase classname="com.obsqura.testscripts.LoginTest" name="verifyTheUserCannotLoginwithValidusernameandInvalidPasswordWhileClickonSignInButton" time="0.0">
    <ignored/>
  </testcase> <!-- verifyTheUserCannotLoginwithValidusernameandInvalidPasswordWhileClickonSignInButton -->
  <testcase classname="com.obsqura.testscripts.LoginTest" name="verifyTheUserCannotLoginwithInvalidusernameandInvalidPasswordWhileClickonSignInButton" time="0.0">
    <ignored/>
  </testcase> <!-- verifyTheUserCannotLoginwithInvalidusernameandInvalidPasswordWhileClickonSignInButton -->
</testsuite> <!-- ChromeTest -->
