<?xml version="1.0" encoding="UTF-8"?>
<!-- Generated by org.testng.reporters.JUnitXMLReporter -->
<testsuite ignored="3" hostname="Chikkus_hp" failures="0" tests="1" name="EdgeTest" time="10.403" errors="0" timestamp="2023-06-12T22:43:43 GMT-04:00">
  <testcase classname="com.obsqura.testscripts.LoginTest" name="verifyTheUserCanAbletoLoginwithValidusernameandValidPasswordWhileClickonSignInButton" time="1.14"/>
  <testcase classname="com.obsqura.testscripts.LoginTest" name="verifyTheUserCannotLoginwithInvalidusernameandValidPasswordWhileClickonSignInButton" time="0.0">
    <ignored/>
  </testcase> <!-- verifyTheUserCannotLoginwithInvalidusernameandValidPasswordWhileClickonSignInButton -->
  <testcase classname="com.obsqura.testscripts.LoginTest" name="verifyTheUserCannotLoginwithValidusernameandInvalidPasswordWhileClickonSignInButton" time="0.0">
    <ignored/>
  </testcase> <!-- verifyTheUserCannotLoginwithValidusernameandInvalidPasswordWhileClickonSignInButton -->
  <testcase classname="com.obsqura.testscripts.LoginTest" name="verifyTheUserCannotLoginwithInvalidusernameandInvalidPasswordWhileClickonSignInButton" time="0.0">
    <ignored/>
  </testcase> <!-- verifyTheUserCannotLoginwithInvalidusernameandInvalidPasswordWhileClickonSignInButton -->
</testsuite> <!-- EdgeTest -->
