<?xml version="1.0" encoding="UTF-8"?>
<!-- Generated by org.testng.reporters.JUnitXMLReporter -->
<testsuite ignored="2" hostname="Chikkus_hp" failures="2" tests="2" name="Test" time="6.478" errors="0" timestamp="2023-06-12T22:56:07 GMT-04:00">
  <testcase classname="com.obsqura.testscripts.LoginTest" name="verifyTheUserCannotLoginwithValidusernameandInvalidPasswordWhileClickonSignInButton" time="0.127">
    <failure type="org.apache.poi.openxml4j.exceptions.NotOfficeXmlFileException" message="No valid entries or contents found, this is not a valid OOXML (Office Open XML) file">
      <![CDATA[org.apache.poi.openxml4j.exceptions.NotOfficeXmlFileException: No valid entries or contents found, this is not a valid OOXML (Office Open XML) file
at org.apache.poi.openxml4j.util.ZipArchiveThresholdInputStream.getNextEntry(ZipArchiveThresholdInputStream.java:156)
at org.apache.poi.openxml4j.util.ZipInputStreamZipEntrySource.<init>(ZipInputStreamZipEntrySource.java:94)
at org.apache.poi.openxml4j.opc.ZipPackage.<init>(ZipPackage.java:132)
at org.apache.poi.openxml4j.opc.OPCPackage.open(OPCPackage.java:319)
at org.apache.poi.ooxml.util.PackageHelper.open(PackageHelper.java:59)
at org.apache.poi.xssf.usermodel.XSSFWorkbook.<init>(XSSFWorkbook.java:290)
at org.apache.poi.xssf.usermodel.XSSFWorkbook.<init>(XSSFWorkbook.java:286)
at com.obsqura.utilities.ExcelUtility.getString(ExcelUtility.java:95)
at com.obsqura.testscripts.LoginTest.verifyTheUserCannotLoginwithValidusernameandInvalidPasswordWhileClickonSignInButton(LoginTest.java:25)
at java.base/java.util.concurrent.ThreadPoolExecutor.runWorker(ThreadPoolExecutor.java:1128)
at java.base/java.util.concurrent.ThreadPoolExecutor$Worker.run(ThreadPoolExecutor.java:628)
at java.base/java.lang.Thread.run(Thread.java:834)
Caused by: java.util.zip.ZipException: Unexpected record signature: 0X1FF603EF
at org.apache.commons.compress.archivers.zip.ZipArchiveInputStream.getNextZipEntry(ZipArchiveInputStream.java:296)
at org.apache.poi.openxml4j.util.ZipArchiveThresholdInputStream.getNextEntry(ZipArchiveThresholdInputStream.java:152)
... 23 more
... Removed 12 stack frames]]>
    </failure>
  </testcase> <!-- verifyTheUserCannotLoginwithValidusernameandInvalidPasswordWhileClickonSignInButton -->
  <testcase classname="com.obsqura.testscripts.LoginTest" name="verifyTheUserCanAbletoLoginwithValidusernameandValidPasswordWhileClickonSignInButton" time="0.173">
    <failure type="java.lang.NullPointerException">
      <![CDATA[java.lang.NullPointerException
at com.obsqura.utilities.ExcelUtility.getString(ExcelUtility.java:100)
at com.obsqura.testscripts.LoginTest.verifyTheUserCanAbletoLoginwithValidusernameandValidPasswordWhileClickonSignInButton(LoginTest.java:16)
at java.base/java.util.concurrent.ThreadPoolExecutor.runWorker(ThreadPoolExecutor.java:1128)
at java.base/java.util.concurrent.ThreadPoolExecutor$Worker.run(ThreadPoolExecutor.java:628)
at java.base/java.lang.Thread.run(Thread.java:834)
... Removed 12 stack frames]]>
    </failure>
  </testcase> <!-- verifyTheUserCanAbletoLoginwithValidusernameandValidPasswordWhileClickonSignInButton -->
  <testcase classname="com.obsqura.testscripts.LoginTest" name="verifyTheUserCannotLoginwithInvalidusernameandValidPasswordWhileClickonSignInButton" time="0.0">
    <ignored/>
  </testcase> <!-- verifyTheUserCannotLoginwithInvalidusernameandValidPasswordWhileClickonSignInButton -->
  <testcase classname="com.obsqura.testscripts.LoginTest" name="verifyTheUserCannotLoginwithInvalidusernameandInvalidPasswordWhileClickonSignInButton" time="0.0">
    <ignored/>
  </testcase> <!-- verifyTheUserCannotLoginwithInvalidusernameandInvalidPasswordWhileClickonSignInButton -->
</testsuite> <!-- Test -->
