<?xml version="1.0" encoding="UTF-8"?>
<!-- Generated by org.testng.reporters.JUnitXMLReporter -->
<testsuite ignored="0" hostname="Chikkus_hp" failures="0" tests="14" name="Test" time="96.559" errors="0" timestamp="2023-06-19T00:52:20 GMT-04:00">
  <testcase classname="com.obsqura.testscripts.LoginTest" name="verifyTheUserCanAbletoLoginwithValidusernameandValidPasswordWhileClickonSignInButton" time="2.627"/>
  <testcase classname="com.obsqura.testscripts.LoginTest" name="verifyTheUserCannotLoginwithInvalidusernameandInvalidPasswordWhileClickonSignInButton" time="0.614"/>
  <testcase classname="com.obsqura.testscripts.LoginTest" name="verifyTheUserCannotLoginwithInvalidusernameandValidPasswordWhileClickonSignInButton" time="0.614"/>
  <testcase classname="com.obsqura.testscripts.LoginTest" name="verifyTheUserCannotLoginwithValidusernameandInvalidPasswordWhileClickonSignInButton" time="0.675"/>
  <testcase classname="com.obsqura.testscripts.ManageDeliveryBoyTest" name="verifyAddNewDeliveryBoyFunctionalityFromMangeDeliveryBoyPage" time="4.072"/>
  <testcase classname="com.obsqura.testscripts.ManageDeliveryBoyTest" name="verifyEditDeliveryBoyFunctionalityFromManageDeliveryBoyPageByEditingPhoneNumberAndAddress" time="3.944"/>
  <testcase classname="com.obsqura.testscripts.ManageLocationTest" name="verifyAddLocationFunctionalityByClickingNewButtonInManageLocationPage" time="4.69"/>
  <testcase classname="com.obsqura.testscripts.ManageLocationTest" name="verifySearchLocationFunctionalityByClickingSearchButtonInManageLocationPage" time="2.14"/>
  <testcase classname="com.obsqura.testscripts.ManageOfferCodeTest" name="verifyAddNewOfferCodeFunctionalityInManageOfferCodePage" time="3.995"/>
  <testcase classname="com.obsqura.testscripts.ManageOfferCodeTest" name="verifyDeleteFunctionalityAfterSearchingForAnOfferCodeInManageOfferPage" time="5.012"/>
  <testcase classname="com.obsqura.testscripts.ManageOfferCodeTest" name="verifyEditFunctionalityAfterSearchingForAnOfferCodeInManageOfferPage" time="6.337"/>
  <testcase classname="com.obsqura.testscripts.ManageOfferCodeTest" name="verifySearchFunctionalityInManageOfferCodePageByEnteringAnOfferCode" time="3.086"/>
  <testcase classname="com.obsqura.testscripts.ManageProductsTest" name="verifyDeleteFunctionalityInManageProductsPage" time="3.554"/>
  <testcase classname="com.obsqura.testscripts.ManageProductsTest" name="verifySearchFunctionalityInManageProductsPage" time="3.238"/>
</testsuite> <!-- Test -->
