<?xml version="1.0" encoding="UTF-8"?>
<!-- Generated by org.testng.reporters.JUnitXMLReporter -->
<testsuite ignored="3" hostname="Chikkus_hp" failures="0" tests="1" name="Test" time="9.627" errors="0" timestamp="2023-06-12T22:11:35 GMT-04:00">
  <testcase classname="com.obsqura.testscripts.LoginTest" name="verifyTheUserCanAbletoLoginwithValidusernameandValidPasswordWhileClickonSignInButton" time="3.296"/>
  <testcase classname="com.obsqura.testscripts.LoginTest" name="verifyTheUserCannotLoginwithInvalidusernameandValidPasswordWhileClickonSignInButton" time="0.0">
    <ignored/>
  </testcase> <!-- verifyTheUserCannotLoginwithInvalidusernameandValidPasswordWhileClickonSignInButton -->
  <testcase classname="com.obsqura.testscripts.LoginTest" name="verifyTheUserCannotLoginwithValidusernameandInvalidPasswordWhileClickonSignInButton" time="0.0">
    <ignored/>
  </testcase> <!-- verifyTheUserCannotLoginwithValidusernameandInvalidPasswordWhileClickonSignInButton -->
  <testcase classname="com.obsqura.testscripts.LoginTest" name="verifyTheUserCannotLoginwithInvalidusernameandInvalidPasswordWhileClickonSignInButton" time="0.0">
    <ignored/>
  </testcase> <!-- verifyTheUserCannotLoginwithInvalidusernameandInvalidPasswordWhileClickonSignInButton -->
</testsuite> <!-- Test -->
